TN:
SF:/Users/pasqualemangialavori/projects/facebookpixeladapter/src/FacebookPixelAdapter.js
FN:6,FacebookPixelAdapter
FN:26,(anonymous_1)
FN:30,(anonymous_2)
FN:31,(anonymous_3)
FN:52,(anonymous_4)
FN:56,(anonymous_5)
FN:60,(anonymous_6)
FN:67,(anonymous_7)
FN:74,(anonymous_8)
FN:81,(anonymous_9)
FNF:10
FNH:4
FNDA:4,FacebookPixelAdapter
FNDA:4,(anonymous_1)
FNDA:4,(anonymous_2)
FNDA:0,(anonymous_3)
FNDA:4,(anonymous_4)
FNDA:0,(anonymous_5)
FNDA:0,(anonymous_6)
FNDA:0,(anonymous_7)
FNDA:0,(anonymous_8)
FNDA:0,(anonymous_9)
DA:7,4
DA:8,4
DA:26,1
DA:27,4
DA:28,4
DA:30,4
DA:31,4
DA:32,0
DA:35,0
DA:36,0
DA:37,0
DA:38,0
DA:42,4
DA:43,1
DA:44,1
DA:47,3
DA:48,3
DA:49,3
DA:52,1
DA:53,4
DA:56,1
DA:57,0
DA:60,1
DA:61,0
DA:62,0
DA:64,0
DA:67,1
DA:68,0
DA:69,0
DA:71,0
DA:74,1
DA:75,0
DA:76,0
DA:78,0
DA:81,1
DA:82,0
DA:83,0
DA:85,0
DA:88,1
LF:39
LH:21
BRDA:31,0,0,4
BRDA:31,0,1,0
BRDA:32,1,0,0
BRDA:32,1,1,0
BRDA:35,2,0,0
BRDA:35,2,1,0
BRDA:42,3,0,1
BRDA:42,3,1,3
BRDA:42,4,0,4
BRDA:42,4,1,3
BRDA:61,5,0,0
BRDA:61,5,1,0
BRDA:68,6,0,0
BRDA:68,6,1,0
BRDA:75,7,0,0
BRDA:75,7,1,0
BRDA:82,8,0,0
BRDA:82,8,1,0
BRF:18
BRH:5
end_of_record
